<?xml version="1.0" encoding="UTF-8"?>
<!-- Generated by org.testng.reporters.JUnitXMLReporter -->
<testsuite ignored="0" hostname="DESKTOP-KIJ24K1" failures="0" tests="6" name="Default test" time="9.638" errors="0" timestamp="2023-09-18T13:10:12 IST">
  <testcase classname="apiTestPackage.ApiTests" name="testRegistration" time="4.988"/>
  <testcase classname="apiTestPackage.ApiTests" name="testLogin" time="0.63"/>
  <testcase classname="apiTestPackage.ApiTests" name="testGetUsers" time="1.154"/>
  <testcase classname="apiTestPackage.ApiTests" name="testGetUserDetails" time="0.428"/>
  <testcase classname="apiTestPackage.ApiTests" name="testUpdateUserDetails" time="0.874"/>
  <testcase classname="apiTestPackage.ApiTests" name="testDeleteUserDetails" time="0.659"/>
</testsuite> <!-- Default test -->
